# JRE version: Java(TM) SE Runtime Environment (8.0_181-b13) (build 1.8.0_181-b13)
# Java VM: Java HotSpot(TM) 64-Bit Server VM (25.181-b13 mixed mode windows-amd64 compressed oops)
Heap:
 PSYoungGen      total 349184K, used 162046K [0x00000000e0980000, 0x00000000f7800000, 0x0000000100000000)
  eden space 339968K, 47% used [0x00000000e0980000,0x00000000ea7bf888,0x00000000f5580000)
  from space 9216K, 0% used [0x00000000f6f00000,0x00000000f6f00000,0x00000000f7800000)
  to   space 15872K, 0% used [0x00000000f5900000,0x00000000f5900000,0x00000000f6880000)
 ParOldGen       total 83456K, used 27113K [0x00000000a1c00000, 0x00000000a6d80000, 0x00000000e0980000)
  object space 83456K, 32% used [0x00000000a1c00000,0x00000000a367a628,0x00000000a6d80000)
 Metaspace       used 62911K, capacity 66688K, committed 66944K, reserved 1107968K
  class space    used 8360K, capacity 9010K, committed 9088K, reserved 1048576K
GC Heap History (10 events):
Event: 7.460 GC heap before
{Heap before GC invocations=11 (full 1):
 PSYoungGen      total 200192K, used 100109K [0x00000000e0980000, 0x00000000f1880000, 0x0000000100000000)
  eden space 191488K, 47% used [0x00000000e0980000,0x00000000e62c5af8,0x00000000ec480000)
  from space 8704K, 99% used [0x00000000ec480000,0x00000000eccfdcb8,0x00000000ecd00000)
  to   space 11264K, 0% used [0x00000000f0d80000,0x00000000f0d80000,0x00000000f1880000)
 ParOldGen       total 37888K, used 9799K [0x00000000a1c00000, 0x00000000a4100000, 0x00000000e0980000)
  object space 37888K, 25% used [0x00000000a1c00000,0x00000000a2591c70,0x00000000a4100000)
 Metaspace       used 33143K, capacity 35346K, committed 35416K, reserved 1079296K
  class space    used 4390K, capacity 4821K, committed 4864K, reserved 1048576K
Event: 7.481 GC heap after
Heap after GC invocations=11 (full 1):
 PSYoungGen      total 265216K, used 9227K [0x00000000e0980000, 0x00000000f2f80000, 0x0000000100000000)
  eden space 253952K, 0% used [0x00000000e0980000,0x00000000e0980000,0x00000000f0180000)
  from space 11264K, 81% used [0x00000000f0d80000,0x00000000f1682c58,0x00000000f1880000)
  to   space 12288K, 0% used [0x00000000f0180000,0x00000000f0180000,0x00000000f0d80000)
 ParOldGen       total 37888K, used 12995K [0x00000000a1c00000, 0x00000000a4100000, 0x00000000e0980000)
  object space 37888K, 34% used [0x00000000a1c00000,0x00000000a28b0cb0,0x00000000a4100000)
 Metaspace       used 33143K, capacity 35346K, committed 35416K, reserved 1079296K
  class space    used 4390K, capacity 4821K, committed 4864K, reserved 1048576K
}
Event: 7.481 GC heap before
{Heap before GC invocations=12 (full 2):
 PSYoungGen      total 265216K, used 9227K [0x00000000e0980000, 0x00000000f2f80000, 0x0000000100000000)
  eden space 253952K, 0% used [0x00000000e0980000,0x00000000e0980000,0x00000000f0180000)
  from space 11264K, 81% used [0x00000000f0d80000,0x00000000f1682c58,0x00000000f1880000)
  to   space 12288K, 0% used [0x00000000f0180000,0x00000000f0180000,0x00000000f0d80000)
 ParOldGen       total 37888K, used 12995K [0x00000000a1c00000, 0x00000000a4100000, 0x00000000e0980000)
  object space 37888K, 34% used [0x00000000a1c00000,0x00000000a28b0cb0,0x00000000a4100000)
 Metaspace       used 33143K, capacity 35346K, committed 35416K, reserved 1079296K
  class space    used 4390K, capacity 4821K, committed 4864K, reserved 1048576K
Event: 7.574 GC heap after
Heap after GC invocations=12 (full 2):
 PSYoungGen      total 265216K, used 0K [0x00000000e0980000, 0x00000000f2f80000, 0x0000000100000000)
  eden space 253952K, 0% used [0x00000000e0980000,0x00000000e0980000,0x00000000f0180000)
  from space 11264K, 0% used [0x00000000f0d80000,0x00000000f0d80000,0x00000000f1880000)
  to   space 12288K, 0% used [0x00000000f0180000,0x00000000f0180000,0x00000000f0d80000)
 ParOldGen       total 59392K, used 16460K [0x00000000a1c00000, 0x00000000a5600000, 0x00000000e0980000)
  object space 59392K, 27% used [0x00000000a1c00000,0x00000000a2c133b8,0x00000000a5600000)
 Metaspace       used 33143K, capacity 35346K, committed 35416K, reserved 1079296K
  class space    used 4390K, capacity 4821K, committed 4864K, reserved 1048576K
}
Event: 10.058 GC heap before
{Heap before GC invocations=13 (full 2):
 PSYoungGen      total 265216K, used 253952K [0x00000000e0980000, 0x00000000f2f80000, 0x0000000100000000)
  eden space 253952K, 100% used [0x00000000e0980000,0x00000000f0180000,0x00000000f0180000)
  from space 11264K, 0% used [0x00000000f0d80000,0x00000000f0d80000,0x00000000f1880000)
  to   space 12288K, 0% used [0x00000000f0180000,0x00000000f0180000,0x00000000f0d80000)
 ParOldGen       total 59392K, used 16460K [0x00000000a1c00000, 0x00000000a5600000, 0x00000000e0980000)
  object space 59392K, 27% used [0x00000000a1c00000,0x00000000a2c133b8,0x00000000a5600000)
 Metaspace       used 47840K, capacity 50658K, committed 50944K, reserved 1093632K
  class space    used 6609K, capacity 7135K, committed 7168K, reserved 1048576K
Event: 10.085 GC heap after
Heap after GC invocations=13 (full 2):
 PSYoungGen      total 266240K, used 12272K [0x00000000e0980000, 0x00000000f7f00000, 0x0000000100000000)
  eden space 253952K, 0% used [0x00000000e0980000,0x00000000e0980000,0x00000000f0180000)
  from space 12288K, 99% used [0x00000000f0180000,0x00000000f0d7c278,0x00000000f0d80000)
  to   space 16384K, 0% used [0x00000000f6f00000,0x00000000f6f00000,0x00000000f7f00000)
 ParOldGen       total 59392K, used 22877K [0x00000000a1c00000, 0x00000000a5600000, 0x00000000e0980000)
  object space 59392K, 38% used [0x00000000a1c00000,0x00000000a3257450,0x00000000a5600000)
 Metaspace       used 47840K, capacity 50658K, committed 50944K, reserved 1093632K
  class space    used 6609K, capacity 7135K, committed 7168K, reserved 1048576K
}
Event: 22.668 GC heap before
{Heap before GC invocations=14 (full 2):
 PSYoungGen      total 266240K, used 159590K [0x00000000e0980000, 0x00000000f7f00000, 0x0000000100000000)
  eden space 253952K, 58% used [0x00000000e0980000,0x00000000e995d698,0x00000000f0180000)
  from space 12288K, 99% used [0x00000000f0180000,0x00000000f0d7c278,0x00000000f0d80000)
  to   space 16384K, 0% used [0x00000000f6f00000,0x00000000f6f00000,0x00000000f7f00000)
 ParOldGen       total 59392K, used 22877K [0x00000000a1c00000, 0x00000000a5600000, 0x00000000e0980000)
  object space 59392K, 38% used [0x00000000a1c00000,0x00000000a3257450,0x00000000a5600000)
 Metaspace       used 55282K, capacity 58990K, committed 59008K, reserved 1099776K
  class space    used 7651K, capacity 8312K, committed 8320K, reserved 1048576K
Event: 22.695 GC heap after
Heap after GC invocations=14 (full 2):
 PSYoungGen      total 349184K, used 8899K [0x00000000e0980000, 0x00000000f7800000, 0x0000000100000000)
  eden space 339968K, 0% used [0x00000000e0980000,0x00000000e0980000,0x00000000f5580000)
  from space 9216K, 96% used [0x00000000f6f00000,0x00000000f77b0c08,0x00000000f7800000)
  to   space 15872K, 0% used [0x00000000f5900000,0x00000000f5900000,0x00000000f6880000)
 ParOldGen       total 59392K, used 29915K [0x00000000a1c00000, 0x00000000a5600000, 0x00000000e0980000)
  object space 59392K, 50% used [0x00000000a1c00000,0x00000000a3936c70,0x00000000a5600000)
 Metaspace       used 55282K, capacity 58990K, committed 59008K, reserved 1099776K
  class space    used 7651K, capacity 8312K, committed 8320K, reserved 1048576K
}
Event: 22.695 GC heap before
{Heap before GC invocations=15 (full 3):
 PSYoungGen      total 349184K, used 8899K [0x00000000e0980000, 0x00000000f7800000, 0x0000000100000000)
  eden space 339968K, 0% used [0x00000000e0980000,0x00000000e0980000,0x00000000f5580000)
  from space 9216K, 96% used [0x00000000f6f00000,0x00000000f77b0c08,0x00000000f7800000)
  to   space 15872K, 0% used [0x00000000f5900000,0x00000000f5900000,0x00000000f6880000)
 ParOldGen       total 59392K, used 29915K [0x00000000a1c00000, 0x00000000a5600000, 0x00000000e0980000)
  object space 59392K, 50% used [0x00000000a1c00000,0x00000000a3936c70,0x00000000a5600000)
 Metaspace       used 55282K, capacity 58990K, committed 59008K, reserved 1099776K
  class space    used 7651K, capacity 8312K, committed 8320K, reserved 1048576K
Event: 22.963 GC heap after
Heap after GC invocations=15 (full 3):
 PSYoungGen      total 349184K, used 0K [0x00000000e0980000, 0x00000000f7800000, 0x0000000100000000)
  eden space 339968K, 0% used [0x00000000e0980000,0x00000000e0980000,0x00000000f5580000)
  from space 9216K, 0% used [0x00000000f6f00000,0x00000000f6f00000,0x00000000f7800000)
  to   space 15872K, 0% used [0x00000000f5900000,0x00000000f5900000,0x00000000f6880000)
 ParOldGen       total 83456K, used 27113K [0x00000000a1c00000, 0x00000000a6d80000, 0x00000000e0980000)
  object space 83456K, 32% used [0x00000000a1c00000,0x00000000a367a628,0x00000000a6d80000)
 Metaspace       used 55282K, capacity 58990K, committed 59008K, reserved 1099776K
  class space    used 7651K, capacity 8312K, committed 8320K, reserved 1048576K
}

